<?xml version="1.0" encoding="UTF-8"?>
<testsuite name="com.wbs.ThemeParkApplicationIT" tests="4" skipped="0" failures="0" errors="0" timestamp="2020-07-16T10:00:08" hostname="DESKTOP-ELKO83N" time="0.694">
  <properties/>
  <testcase name="getsAllRides" classname="com.wbs.ThemeParkApplicationIT" time="0.554"/>
  <testcase name="getsSingleRide" classname="com.wbs.ThemeParkApplicationIT" time="0.034"/>
  <testcase name="returnsNotFoundForInvalidSingleRide" classname="com.wbs.ThemeParkApplicationIT" time="0.011"/>
  <testcase name="addsNewRide" classname="com.wbs.ThemeParkApplicationIT" time="0.088"/>
  <system-out><![CDATA[11:59:59.876 [Test worker] DEBUG org.springframework.test.annotation.ProfileValueUtils - Retrieved @ProfileValueSourceConfiguration [null] for test class [com.wbs.ThemeParkApplicationIT]
11:59:59.877 [Test worker] DEBUG org.springframework.test.annotation.ProfileValueUtils - Retrieved ProfileValueSource type [class org.springframework.test.annotation.SystemProfileValueSource] for class [com.wbs.ThemeParkApplicationIT]
11:59:59.879 [Test worker] DEBUG org.springframework.test.annotation.ProfileValueUtils - Retrieved @ProfileValueSourceConfiguration [null] for test class [com.wbs.ThemeParkApplicationIT]
11:59:59.879 [Test worker] DEBUG org.springframework.test.annotation.ProfileValueUtils - Retrieved ProfileValueSource type [class org.springframework.test.annotation.SystemProfileValueSource] for class [com.wbs.ThemeParkApplicationIT]
11:59:59.885 [Test worker] DEBUG org.springframework.test.context.support.AbstractDirtiesContextTestExecutionListener - Before test class: context [DefaultTestContext@55acfcc4 testClass = ThemeParkApplicationIT, testInstance = [null], testMethod = [null], testException = [null], mergedContextConfiguration = [WebMergedContextConfiguration@55b6317 testClass = ThemeParkApplicationIT, locations = '{}', classes = '{class com.wbs.ThemeParkApplication}', contextInitializerClasses = '[]', activeProfiles = '{}', propertySourceLocations = '{}', propertySourceProperties = '{org.springframework.boot.test.context.SpringBootTestContextBootstrapper=true}', contextCustomizers = set[org.springframework.boot.test.autoconfigure.properties.PropertyMappingContextCustomizer@4b3fa0b3, org.springframework.boot.test.autoconfigure.web.servlet.WebDriverContextCustomizerFactory$Customizer@4d13bab7, [ImportsContextCustomizer@7e100ae5 key = [org.springframework.boot.test.autoconfigure.web.servlet.MockMvcAutoConfiguration, org.springframework.boot.test.autoconfigure.web.servlet.MockMvcWebClientAutoConfiguration, org.springframework.boot.test.autoconfigure.web.servlet.MockMvcWebDriverAutoConfiguration, org.springframework.boot.autoconfigure.security.servlet.SecurityAutoConfiguration, org.springframework.boot.autoconfigure.security.servlet.UserDetailsServiceAutoConfiguration, org.springframework.boot.test.autoconfigure.web.servlet.MockMvcSecurityConfiguration]], org.springframework.boot.test.context.filter.ExcludeFilterContextCustomizer@497227d1, org.springframework.boot.test.json.DuplicateJsonObjectContextCustomizerFactory$DuplicateJsonObjectContextCustomizer@3fde82d2, org.springframework.boot.test.mock.mockito.MockitoContextCustomizer@0, org.springframework.boot.test.web.client.TestRestTemplateContextCustomizer@434c1d37], resourceBasePath = 'src/main/webapp', contextLoader = 'org.springframework.boot.test.context.SpringBootContextLoader', parent = [null]], attributes = map['org.springframework.test.context.web.ServletTestExecutionListener.activateListener' -> true]], class annotated with @DirtiesContext [false] with mode [null].
11:59:59.889 [Test worker] DEBUG org.springframework.test.annotation.ProfileValueUtils - Retrieved @ProfileValueSourceConfiguration [null] for test class [com.wbs.ThemeParkApplicationIT]
11:59:59.889 [Test worker] DEBUG org.springframework.test.annotation.ProfileValueUtils - Retrieved ProfileValueSource type [class org.springframework.test.annotation.SystemProfileValueSource] for class [com.wbs.ThemeParkApplicationIT]
11:59:59.926 [Test worker] DEBUG org.springframework.test.context.support.TestPropertySourceUtils - Adding inlined properties to environment: {spring.jmx.enabled=false, org.springframework.boot.test.context.SpringBootTestContextBootstrapper=true, server.port=-1}

  .   ____          _            __ _ _
 /\\ / ___'_ __ _ _(_)_ __  __ _ \ \ \ \
( ( )\___ | '_ | '_| | '_ \/ _` | \ \ \ \
 \\/  ___)| |_)| | | | | || (_| |  ) ) ) )
  '  |____| .__|_| |_|_| |_\__, | / / / /
 =========|_|==============|___/=/_/_/_/
 :: Spring Boot ::        (v2.2.5.RELEASE)

2020-07-16 12:00:00.482  INFO 33560 --- [    Test worker] com.wbs.ThemeParkApplicationIT           : Starting ThemeParkApplicationIT on DESKTOP-ELKO83N with PID 33560 (started by walid in C:\Users\walid\workspace\spring-boot-jenkins-example)
2020-07-16 12:00:00.489  INFO 33560 --- [    Test worker] com.wbs.ThemeParkApplicationIT           : No active profile set, falling back to default profiles: default
2020-07-16 12:00:02.585  INFO 33560 --- [    Test worker] .s.d.r.c.RepositoryConfigurationDelegate : Bootstrapping Spring Data JPA repositories in DEFAULT mode.
2020-07-16 12:00:02.752  INFO 33560 --- [    Test worker] .s.d.r.c.RepositoryConfigurationDelegate : Finished Spring Data repository scanning in 139ms. Found 1 JPA repository interfaces.
2020-07-16 12:00:03.770  INFO 33560 --- [    Test worker] com.zaxxer.hikari.HikariDataSource       : HikariPool-1 - Starting...
2020-07-16 12:00:03.976  INFO 33560 --- [    Test worker] com.zaxxer.hikari.pool.PoolBase          : HikariPool-1 - Driver does not support get/set network timeout for connections. (Receiver class org.h2.jdbc.JdbcConnection does not define or inherit an implementation of the resolved method abstract getNetworkTimeout()I of interface java.sql.Connection.)
2020-07-16 12:00:03.989  INFO 33560 --- [    Test worker] com.zaxxer.hikari.HikariDataSource       : HikariPool-1 - Start completed.
2020-07-16 12:00:04.095  INFO 33560 --- [    Test worker] o.hibernate.jpa.internal.util.LogHelper  : HHH000204: Processing PersistenceUnitInfo [name: default]
2020-07-16 12:00:04.236  INFO 33560 --- [    Test worker] org.hibernate.Version                    : HHH000412: Hibernate ORM core version 5.4.12.Final
2020-07-16 12:00:04.521  INFO 33560 --- [    Test worker] o.hibernate.annotations.common.Version   : HCANN000001: Hibernate Commons Annotations {5.1.0.Final}
2020-07-16 12:00:04.795  INFO 33560 --- [    Test worker] org.hibernate.dialect.Dialect            : HHH000400: Using dialect: org.hibernate.dialect.H2Dialect
2020-07-16 12:00:05.833  INFO 33560 --- [    Test worker] o.h.e.t.j.p.i.JtaPlatformInitiator       : HHH000490: Using JtaPlatform implementation: [org.hibernate.engine.transaction.jta.platform.internal.NoJtaPlatform]
2020-07-16 12:00:05.842  INFO 33560 --- [    Test worker] j.LocalContainerEntityManagerFactoryBean : Initialized JPA EntityManagerFactory for persistence unit 'default'
2020-07-16 12:00:06.890  WARN 33560 --- [    Test worker] JpaBaseConfiguration$JpaWebConfiguration : spring.jpa.open-in-view is enabled by default. Therefore, database queries may be performed during view rendering. Explicitly configure spring.jpa.open-in-view to disable this warning
2020-07-16 12:00:07.608  INFO 33560 --- [    Test worker] o.s.s.concurrent.ThreadPoolTaskExecutor  : Initializing ExecutorService 'applicationTaskExecutor'
2020-07-16 12:00:08.549  INFO 33560 --- [    Test worker] o.s.b.t.m.w.SpringBootMockServletContext : Initializing Spring TestDispatcherServlet ''
2020-07-16 12:00:08.549  INFO 33560 --- [    Test worker] o.s.t.web.servlet.TestDispatcherServlet  : Initializing Servlet ''
2020-07-16 12:00:08.566  INFO 33560 --- [    Test worker] o.s.b.a.e.web.EndpointLinksResolver      : Exposing 2 endpoint(s) beneath base path '/actuator'
2020-07-16 12:00:08.641  INFO 33560 --- [    Test worker] o.s.t.web.servlet.TestDispatcherServlet  : Completed initialization in 92 ms
2020-07-16 12:00:08.713  INFO 33560 --- [    Test worker] com.wbs.ThemeParkApplicationIT           : Started ThemeParkApplicationIT in 8.764 seconds (JVM running for 11.273)
]]></system-out>
  <system-err><![CDATA[]]></system-err>
</testsuite>
